\BOOKMARK [0][-]{chapter*.4}{Introduction}{}% 1
\BOOKMARK [0][-]{chapter.1}{Probl\351matique R\351seau et SDN}{}% 2
\BOOKMARK [1][-]{section.1.1}{Ossification d'internet face au besoin d'expansion}{chapter.1}% 3
\BOOKMARK [1][-]{section.1.2}{Management R\351seau : P\351nible et Complexe}{chapter.1}% 4
\BOOKMARK [1][-]{section.1.3}{Un nouveau mod\350le r\351seau pour supporter ces \351volutions}{chapter.1}% 5
\BOOKMARK [0][-]{chapter.2}{R\351seaux programmables avec SDN}{}% 6
\BOOKMARK [1][-]{section.2.1}{S\351paration de l'intelligence \(contr\364le\) de la commutation \(flux de donn\351es\)}{chapter.2}% 7
\BOOKMARK [1][-]{section.2.2}{Contr\364le centralis\351 et hardware simplifi\351 : l'int\351r\352t de SDN}{chapter.2}% 8
\BOOKMARK [1][-]{section.2.3}{Choix d'impl\351mentation pour les challenges}{chapter.2}% 9
\BOOKMARK [0][-]{chapter.3}{Des Applications de SDN et leurs possibilit\351s}{}% 10
\BOOKMARK [1][-]{section.3.1}{Management du R\351seau et Contr\364le d'Acc\350s}{chapter.3}% 11
\BOOKMARK [1][-]{section.3.2}{VLANs}{chapter.3}% 12
\BOOKMARK [1][-]{section.3.3}{Clients mobiles sans fil VoIP}{chapter.3}% 13
\BOOKMARK [0][-]{chapter.4}{Solutions SDN disponibles}{}% 14
\BOOKMARK [1][-]{section.4.1}{Un point sur la situation}{chapter.4}% 15
\BOOKMARK [1][-]{section.4.2}{\311cosyst\350me SDN HP, solution virtualis\351e}{chapter.4}% 16
\BOOKMARK [1][-]{section.4.3}{Cisco ONE, hardware diff\351rentiel}{chapter.4}% 17
\BOOKMARK [1][-]{section.4.4}{Brocade Ethernet Fabric, Fibre Channel support over Ethernet}{chapter.4}% 18
\BOOKMARK [1][-]{section.4.5}{VMWare NSX, from physical to logical services}{chapter.4}% 19
\BOOKMARK [1][-]{section.4.6}{Juniper MetaFabric Architecture}{chapter.4}% 20
\BOOKMARK [0][-]{chapter*.5}{Conclusion}{}% 21
\BOOKMARK [0][-]{appendix.A}{Premi\350re annexe}{}% 22
\BOOKMARK [0][-]{appendix*.6}{Bibliographie}{}% 23
\BOOKMARK [0][-]{section*.7}{Glossaire}{}% 24
\BOOKMARK [0][-]{section*.9}{Acronyms}{}% 25
